<?xml version="1.0" encoding="UTF-8"?>
<!-- Generated by org.testng.reporters.JUnitXMLReporter -->
<testsuite hostname="TVMKVM120723L" name="basictest" tests="2" failures="1" timestamp="26 Jul 2015 18:11:34 GMT" time="88.911" errors="0">
  <testcase name="verify_End_to_End_Branch" time="38.818" classname="test.EndtoEndTestcase"/>
  <testcase name="verify_End_to_End_staff" time="35.103" classname="test.EndtoEndTestcase">
    <failure type="org.openqa.selenium.NoSuchElementException" message="Cannot locate option with index: 10
For documentation on this error, please visit: http://seleniumhq.org/exceptions/no_such_element.html
Build info: version: &amp;apos;2.46.0&amp;apos;, revision: &amp;apos;87c69e2&amp;apos;, time: &amp;apos;2015-06-04 16:17:10&amp;apos;
System info: host: &amp;apos;TVMKVM120723L&amp;apos;, ip: &amp;apos;192.168.1.48&amp;apos;, os.name: &amp;apos;Windows 7&amp;apos;, os.arch: &amp;apos;x86&amp;apos;, os.version: &amp;apos;6.1&amp;apos;, java.version: &amp;apos;1.8.0_51&amp;apos;
Driver info: driver.version: unknown">
      <![CDATA[org.openqa.selenium.NoSuchElementException: Cannot locate option with index: 10
For documentation on this error, please visit: http://seleniumhq.org/exceptions/no_such_element.html
Build info: version: '2.46.0', revision: '87c69e2', time: '2015-06-04 16:17:10'
System info: host: 'TVMKVM120723L', ip: '192.168.1.48', os.name: 'Windows 7', os.arch: 'x86', os.version: '6.1', java.version: '1.8.0_51'
Driver info: driver.version: unknown
	at org.openqa.selenium.support.ui.Select.selectByIndex(Select.java:187)
	at pages.branch_staff_Page.addstaff(branch_staff_Page.java:49)
	at test.EndtoEndTestcase.verify_End_to_End_staff(EndtoEndTestcase.java:119)
... Removed 24 stack frames]]>
    </failure>
  </testcase> <!-- verify_End_to_End_staff -->
</testsuite> <!-- basictest -->
